<!--
  ~ Copyright 2021 The Bank of New York Mellon.
  ~
  ~ Licensed under the Apache License, Version 2.0 (the "License");
  ~ you may not use this file except in compliance with the License.
  ~ You may obtain a copy of the License at
  ~
  ~      http://www.apache.org/licenses/LICENSE-2.0
  ~
  ~ Unless required by applicable law or agreed to in writing, software
  ~ distributed under the License is distributed on an "AS IS" BASIS,
  ~ WITHOUT WARRANTIES OR CONDITIONS OF ANY KIND, either express or implied.
  ~ See the License for the specific language governing permissions and
  ~ limitations under the License.
  -->

<beans xmlns="http://www.springframework.org/schema/beans"
       xmlns:xsi="http://www.w3.org/2001/XMLSchema-instance"
       xsi:schemaLocation="http://www.springframework.org/schema/beans
	http://www.springframework.org/schema/beans/spring-beans-4.0.xsd">

    <!-- create bean definitions to pass the tests -->
    <bean id="vehicleThroughConstructor" class="bnymellon.training.spring.framework.model.Vehicle"> </bean>

    <bean id="vehicleThroughConstructorNamed" class="bnymellon.training.spring.framework.model.Vehicle">

    <constructor-arg name="type" value="truck"/>
    <constructor-arg name="year" value="2016"/>

    </bean>

    <bean id="vehicleThroughConstructorIndex" class="bnymellon.training.spring.framework.model.Vehicle">
        <constructor-arg index="0" value="truck"/>
        <constructor-arg index="1" value="2016"/>

    </bean>

    <bean id="vehicleThroughSetter" class="bnymellon.training.spring.framework.model.Vehicle">

        <property name="type" value="airplane"/>
        <property name="year" value="2014"/>
    </bean>


</beans>